<?xml version="1.0" encoding="UTF-8" ?>
<testsuite errors="1" failures="0" hostname="nh-7868f7430b85" name="com.library.LibraryIntegrationTests" tests="1" time="1.0" timestamp="2011-06-02T03:12:29">
  <properties />
  <testcase classname="com.library.LibraryIntegrationTests" name="testFirstSaveEver" time="0.968">
    <error message="Cannot invoke method getLibraryId() on null object" type="java.lang.NullPointerException">java.lang.NullPointerException: Cannot invoke method getLibraryId() on null object
	at com.library.LibraryIntegrationTests.testFirstSaveEver(LibraryIntegrationTests.groovy:23)
</error>
  </testcase>
  <system-out><![CDATA[--Output from testFirstSaveEver--
]]></system-out>
  <system-err><![CDATA[--Output from testFirstSaveEver--
]]></system-err>
</testsuite>
